<?xml version="1.0" encoding="UTF-8"?>
<!-- Generated by org.testng.reporters.JUnitXMLReporter -->
<testsuite hostname="VAIO" failures="1" tests="1" name="Test" time="43.562" errors="0" timestamp="29 Aug 2022 10:09:09 GMT">
  <testcase classname="com.chandan.assignment.home.TC001_MovieInfoValidation" name="wikipMovieInfo" time="28.158">
    <failure type="java.lang.AssertionError" message="expected [January 7, 2022 (United States)] but found [17 December 2021]">
      <![CDATA[java.lang.AssertionError: expected [January 7, 2022 (United States)] but found [17 December 2021]
	at com.chandan.assignment.home.TC001_MovieInfoValidation.wikipMovieInfo(TC001_MovieInfoValidation.java:33)
... Removed 29 stack frames]]>
    </failure>
  </testcase> <!-- wikipMovieInfo -->
</testsuite> <!-- Test -->
